0 info it worked if it ends with ok
1 verbose cli [ '/usr/local/bin/node', '/usr/local/bin/npm', 'install' ]
2 info using npm@4.1.2
3 info using node@v6.3.1
4 silly loadCurrentTree Starting
5 silly install loadCurrentTree
6 silly install readLocalPackageData
7 silly install normalizeTree
8 silly loadCurrentTree Finishing
9 silly loadIdealTree Starting
10 silly install loadIdealTree
11 silly cloneCurrentTree Starting
12 silly install cloneCurrentTreeToIdealTree
13 silly cloneCurrentTree Finishing
14 silly loadShrinkwrap Starting
15 silly install loadShrinkwrap
16 silly loadShrinkwrap Finishing
17 silly loadAllDepsIntoIdealTree Starting
18 silly install loadAllDepsIntoIdealTree
19 silly fetchNamedPackageData macos-defaults-setup
20 silly mapToRegistry name macos-defaults-setup
21 silly mapToRegistry using default registry
22 silly mapToRegistry registry https://registry.npmjs.org/
23 silly mapToRegistry data Result {
23 silly mapToRegistry   raw: 'macos-defaults-setup',
23 silly mapToRegistry   scope: null,
23 silly mapToRegistry   escapedName: 'macos-defaults-setup',
23 silly mapToRegistry   name: 'macos-defaults-setup',
23 silly mapToRegistry   rawSpec: '',
23 silly mapToRegistry   spec: 'latest',
23 silly mapToRegistry   type: 'tag' }
24 silly mapToRegistry uri https://registry.npmjs.org/macos-defaults-setup
25 verbose request uri https://registry.npmjs.org/macos-defaults-setup
26 verbose request no auth needed
27 info attempt registry request try #1 at 3:28:11 PM
28 verbose request using bearer token for auth
29 verbose request id e2b20f16404de1ba
30 verbose etag W/"5892181b-279b"
31 verbose lastModified Wed, 01 Feb 2017 17:17:15 GMT
32 http request GET https://registry.npmjs.org/macos-defaults-setup
33 http 304 https://registry.npmjs.org/macos-defaults-setup
34 verbose headers { server: 'nginx/1.10.1',
34 verbose headers   'last-modified': 'Wed, 01 Feb 2017 17:17:15 GMT',
34 verbose headers   etag: '"5892181b-279b"',
34 verbose headers   'cache-control': 'max-age=300',
34 verbose headers   'accept-ranges': 'bytes',
34 verbose headers   date: 'Fri, 03 Feb 2017 15:28:13 GMT',
34 verbose headers   via: '1.1 varnish',
34 verbose headers   connection: 'keep-alive',
34 verbose headers   'x-served-by': 'cache-lcy1132-LCY',
34 verbose headers   'x-cache': 'MISS',
34 verbose headers   'x-cache-hits': '0',
34 verbose headers   'x-timer': 'S1486135693.367904,VS0,VE17',
34 verbose headers   vary: 'Accept-Encoding' }
35 silly get cb [ 304,
35 silly get   { server: 'nginx/1.10.1',
35 silly get     'last-modified': 'Wed, 01 Feb 2017 17:17:15 GMT',
35 silly get     etag: '"5892181b-279b"',
35 silly get     'cache-control': 'max-age=300',
35 silly get     'accept-ranges': 'bytes',
35 silly get     date: 'Fri, 03 Feb 2017 15:28:13 GMT',
35 silly get     via: '1.1 varnish',
35 silly get     connection: 'keep-alive',
35 silly get     'x-served-by': 'cache-lcy1132-LCY',
35 silly get     'x-cache': 'MISS',
35 silly get     'x-cache-hits': '0',
35 silly get     'x-timer': 'S1486135693.367904,VS0,VE17',
35 silly get     vary: 'Accept-Encoding' } ]
36 verbose etag https://registry.npmjs.org/macos-defaults-setup from cache
37 verbose get saving macos-defaults-setup to /Users/tarran/.npm/registry.npmjs.org/macos-defaults-setup/.cache.json
38 verbose correctMkdir /Users/tarran/.npm correctMkdir not in flight; initializing
39 silly pickManifestFromRegistryMetadata spec >=0.1.0 <0.2.0 tag latest versions [ '0.0.0', '0.1.0', '0.2.0', '0.2.1' ]
40 silly resolveWithNewModule macos-defaults-setup@0.1.0 checking installable status
41 silly cache add args [ 'macos-defaults-setup@^0.1.0', null ]
42 verbose cache add spec macos-defaults-setup@^0.1.0
43 silly cache add parsed spec Result {
43 silly cache add   raw: 'macos-defaults-setup@^0.1.0',
43 silly cache add   scope: null,
43 silly cache add   escapedName: 'macos-defaults-setup',
43 silly cache add   name: 'macos-defaults-setup',
43 silly cache add   rawSpec: '^0.1.0',
43 silly cache add   spec: '>=0.1.0 <0.2.0',
43 silly cache add   type: 'range' }
44 silly addNamed macos-defaults-setup@>=0.1.0 <0.2.0
45 verbose addNamed ">=0.1.0 <0.2.0" is a valid semver range for macos-defaults-setup
46 silly addNameRange { name: 'macos-defaults-setup',
46 silly addNameRange   range: '>=0.1.0 <0.2.0',
46 silly addNameRange   hasData: false }
47 silly mapToRegistry name macos-defaults-setup
48 silly mapToRegistry using default registry
49 silly mapToRegistry registry https://registry.npmjs.org/
50 silly mapToRegistry data Result {
50 silly mapToRegistry   raw: 'macos-defaults-setup',
50 silly mapToRegistry   scope: null,
50 silly mapToRegistry   escapedName: 'macos-defaults-setup',
50 silly mapToRegistry   name: 'macos-defaults-setup',
50 silly mapToRegistry   rawSpec: '',
50 silly mapToRegistry   spec: 'latest',
50 silly mapToRegistry   type: 'tag' }
51 silly mapToRegistry uri https://registry.npmjs.org/macos-defaults-setup
52 verbose addNameRange registry:https://registry.npmjs.org/macos-defaults-setup not in flight; fetching
53 verbose get https://registry.npmjs.org/macos-defaults-setup not expired, no request
54 silly addNameRange number 2 { name: 'macos-defaults-setup',
54 silly addNameRange   range: '>=0.1.0 <0.2.0',
54 silly addNameRange   hasData: true }
55 silly addNameRange versions [ 'macos-defaults-setup',
55 silly addNameRange   [ '0.0.0', '0.1.0', '0.2.0', '0.2.1' ] ]
56 silly pickManifestFromRegistryMetadata spec >=0.1.0 <0.2.0 tag latest versions [ '0.0.0', '0.1.0', '0.2.0', '0.2.1' ]
57 silly addNamed macos-defaults-setup@0.1.0
58 verbose addNamed "0.1.0" is a plain semver version for macos-defaults-setup
59 silly cache afterAdd macos-defaults-setup@0.1.0
60 verbose afterAdd /Users/tarran/.npm/macos-defaults-setup/0.1.0/package/package.json not in flight; writing
61 verbose correctMkdir /Users/tarran/.npm correctMkdir not in flight; initializing
62 verbose afterAdd /Users/tarran/.npm/macos-defaults-setup/0.1.0/package/package.json written
63 silly fetchNamedPackageData flatten
64 silly mapToRegistry name flatten
65 silly mapToRegistry using default registry
66 silly mapToRegistry registry https://registry.npmjs.org/
67 silly mapToRegistry data Result {
67 silly mapToRegistry   raw: 'flatten',
67 silly mapToRegistry   scope: null,
67 silly mapToRegistry   escapedName: 'flatten',
67 silly mapToRegistry   name: 'flatten',
67 silly mapToRegistry   rawSpec: '',
67 silly mapToRegistry   spec: 'latest',
67 silly mapToRegistry   type: 'tag' }
68 silly mapToRegistry uri https://registry.npmjs.org/flatten
69 silly fetchNamedPackageData is-array
70 silly mapToRegistry name is-array
71 silly mapToRegistry using default registry
72 silly mapToRegistry registry https://registry.npmjs.org/
73 silly mapToRegistry data Result {
73 silly mapToRegistry   raw: 'is-array',
73 silly mapToRegistry   scope: null,
73 silly mapToRegistry   escapedName: 'is-array',
73 silly mapToRegistry   name: 'is-array',
73 silly mapToRegistry   rawSpec: '',
73 silly mapToRegistry   spec: 'latest',
73 silly mapToRegistry   type: 'tag' }
74 silly mapToRegistry uri https://registry.npmjs.org/is-array
75 silly fetchNamedPackageData is-obj
76 silly mapToRegistry name is-obj
77 silly mapToRegistry using default registry
78 silly mapToRegistry registry https://registry.npmjs.org/
79 silly mapToRegistry data Result {
79 silly mapToRegistry   raw: 'is-obj',
79 silly mapToRegistry   scope: null,
79 silly mapToRegistry   escapedName: 'is-obj',
79 silly mapToRegistry   name: 'is-obj',
79 silly mapToRegistry   rawSpec: '',
79 silly mapToRegistry   spec: 'latest',
79 silly mapToRegistry   type: 'tag' }
80 silly mapToRegistry uri https://registry.npmjs.org/is-obj
81 silly fetchNamedPackageData is-plain-obj
82 silly mapToRegistry name is-plain-obj
83 silly mapToRegistry using default registry
84 silly mapToRegistry registry https://registry.npmjs.org/
85 silly mapToRegistry data Result {
85 silly mapToRegistry   raw: 'is-plain-obj',
85 silly mapToRegistry   scope: null,
85 silly mapToRegistry   escapedName: 'is-plain-obj',
85 silly mapToRegistry   name: 'is-plain-obj',
85 silly mapToRegistry   rawSpec: '',
85 silly mapToRegistry   spec: 'latest',
85 silly mapToRegistry   type: 'tag' }
86 silly mapToRegistry uri https://registry.npmjs.org/is-plain-obj
87 silly fetchNamedPackageData jsonfile
88 silly mapToRegistry name jsonfile
89 silly mapToRegistry using default registry
90 silly mapToRegistry registry https://registry.npmjs.org/
91 silly mapToRegistry data Result {
91 silly mapToRegistry   raw: 'jsonfile',
91 silly mapToRegistry   scope: null,
91 silly mapToRegistry   escapedName: 'jsonfile',
91 silly mapToRegistry   name: 'jsonfile',
91 silly mapToRegistry   rawSpec: '',
91 silly mapToRegistry   spec: 'latest',
91 silly mapToRegistry   type: 'tag' }
92 silly mapToRegistry uri https://registry.npmjs.org/jsonfile
93 silly fetchNamedPackageData plain-obj-to-dot-notation
94 silly mapToRegistry name plain-obj-to-dot-notation
95 silly mapToRegistry using default registry
96 silly mapToRegistry registry https://registry.npmjs.org/
97 silly mapToRegistry data Result {
97 silly mapToRegistry   raw: 'plain-obj-to-dot-notation',
97 silly mapToRegistry   scope: null,
97 silly mapToRegistry   escapedName: 'plain-obj-to-dot-notation',
97 silly mapToRegistry   name: 'plain-obj-to-dot-notation',
97 silly mapToRegistry   rawSpec: '',
97 silly mapToRegistry   spec: 'latest',
97 silly mapToRegistry   type: 'tag' }
98 silly mapToRegistry uri https://registry.npmjs.org/plain-obj-to-dot-notation
99 silly fetchOtherPackageData macos-defaults@file:///Users/tarran/github.com/tarranjones/macOS-defaults
100 silly cache add args [ 'macos-defaults@file:///Users/tarran/github.com/tarranjones/macOS-defaults',
100 silly cache add   null ]
101 verbose cache add spec macos-defaults@file:///Users/tarran/github.com/tarranjones/macOS-defaults
102 silly cache add parsed spec Result {
102 silly cache add   raw: 'macos-defaults@file:///Users/tarran/github.com/tarranjones/macOS-defaults',
102 silly cache add   scope: null,
102 silly cache add   escapedName: 'macos-defaults',
102 silly cache add   name: 'macos-defaults',
102 silly cache add   rawSpec: 'file:///Users/tarran/github.com/tarranjones/macOS-defaults',
102 silly cache add   spec: '/Users/tarran/github.com/tarranjones/macOS-defaults',
102 silly cache add   type: 'local' }
103 error addLocal Could not install /Users/tarran/github.com/tarranjones/macOS-defaults
104 silly fetchPackageMetaData Error: ENOENT: no such file or directory, open '/Users/tarran/github.com/tarranjones/macOS-defaults'
104 silly fetchPackageMetaData     at Error (native)
104 silly fetchPackageMetaData  error for macos-defaults@file:///Users/tarran/github.com/tarranjones/macOS-defaults { Error: ENOENT: no such file or directory, open '/Users/tarran/github.com/tarranjones/macOS-defaults'
104 silly fetchPackageMetaData     at Error (native)
104 silly fetchPackageMetaData   errno: -2,
104 silly fetchPackageMetaData   code: 'ENOENT',
104 silly fetchPackageMetaData   syscall: 'open',
104 silly fetchPackageMetaData   path: '/Users/tarran/github.com/tarranjones/macOS-defaults' }
105 verbose request uri https://registry.npmjs.org/flatten
106 verbose request no auth needed
107 info attempt registry request try #1 at 3:28:11 PM
108 verbose request using bearer token for auth
109 verbose etag W/"569edc21-1a0d"
110 verbose lastModified Wed, 20 Jan 2016 01:00:17 GMT
111 http request GET https://registry.npmjs.org/flatten
112 verbose request uri https://registry.npmjs.org/is-plain-obj
113 verbose request no auth needed
114 info attempt registry request try #1 at 3:28:11 PM
115 verbose request using bearer token for auth
116 verbose etag W/"563b220e-ec4"
117 verbose lastModified Thu, 05 Nov 2015 09:31:58 GMT
118 http request GET https://registry.npmjs.org/is-plain-obj
119 verbose request uri https://registry.npmjs.org/is-obj
120 verbose request no auth needed
121 info attempt registry request try #1 at 3:28:11 PM
122 verbose request using bearer token for auth
123 verbose etag W/"56f11af4-e6b"
124 verbose lastModified Tue, 22 Mar 2016 10:14:12 GMT
125 http request GET https://registry.npmjs.org/is-obj
126 verbose request uri https://registry.npmjs.org/is-array
127 verbose request no auth needed
128 info attempt registry request try #1 at 3:28:11 PM
129 verbose request using bearer token for auth
130 verbose etag W/"530e0d7f-726"
131 verbose lastModified Wed, 26 Feb 2014 15:51:27 GMT
132 http request GET https://registry.npmjs.org/is-array
133 verbose request uri https://registry.npmjs.org/plain-obj-to-dot-notation
134 verbose request no auth needed
135 info attempt registry request try #1 at 3:28:11 PM
136 verbose request using bearer token for auth
137 verbose etag W/"588793cb-165c"
138 verbose lastModified Tue, 24 Jan 2017 17:50:03 GMT
139 http request GET https://registry.npmjs.org/plain-obj-to-dot-notation
140 verbose request uri https://registry.npmjs.org/jsonfile
141 verbose request no auth needed
142 info attempt registry request try #1 at 3:28:11 PM
143 verbose request using bearer token for auth
144 verbose etag W/"58838ec0-6369"
145 verbose lastModified Sat, 21 Jan 2017 16:39:28 GMT
146 http request GET https://registry.npmjs.org/jsonfile
147 http 304 https://registry.npmjs.org/flatten
148 verbose headers { server: 'nginx/1.10.1',
148 verbose headers   'last-modified': 'Wed, 20 Jan 2016 01:00:17 GMT',
148 verbose headers   etag: '"569edc21-1a0d"',
148 verbose headers   'cache-control': 'max-age=300',
148 verbose headers   'accept-ranges': 'bytes',
148 verbose headers   date: 'Fri, 03 Feb 2017 15:28:13 GMT',
148 verbose headers   via: '1.1 varnish',
148 verbose headers   connection: 'keep-alive',
148 verbose headers   'x-served-by': 'cache-lcy1132-LCY',
148 verbose headers   'x-cache': 'MISS',
148 verbose headers   'x-cache-hits': '0',
148 verbose headers   'x-timer': 'S1486135693.446615,VS0,VE17',
148 verbose headers   vary: 'Accept-Encoding' }
149 silly get cb [ 304,
149 silly get   { server: 'nginx/1.10.1',
149 silly get     'last-modified': 'Wed, 20 Jan 2016 01:00:17 GMT',
149 silly get     etag: '"569edc21-1a0d"',
149 silly get     'cache-control': 'max-age=300',
149 silly get     'accept-ranges': 'bytes',
149 silly get     date: 'Fri, 03 Feb 2017 15:28:13 GMT',
149 silly get     via: '1.1 varnish',
149 silly get     connection: 'keep-alive',
149 silly get     'x-served-by': 'cache-lcy1132-LCY',
149 silly get     'x-cache': 'MISS',
149 silly get     'x-cache-hits': '0',
149 silly get     'x-timer': 'S1486135693.446615,VS0,VE17',
149 silly get     vary: 'Accept-Encoding' } ]
150 verbose etag https://registry.npmjs.org/flatten from cache
151 verbose get saving flatten to /Users/tarran/.npm/registry.npmjs.org/flatten/.cache.json
152 verbose correctMkdir /Users/tarran/.npm correctMkdir not in flight; initializing
153 silly pickManifestFromRegistryMetadata spec >=1.0.2 <2.0.0 tag latest versions [ '0.0.0', '0.0.1', '1.0.0', '1.0.1', '1.0.2' ]
154 silly resolveWithNewModule flatten@1.0.2 checking installable status
155 silly cache add args [ 'flatten@^1.0.2', null ]
156 verbose cache add spec flatten@^1.0.2
157 silly cache add parsed spec Result {
157 silly cache add   raw: 'flatten@^1.0.2',
157 silly cache add   scope: null,
157 silly cache add   escapedName: 'flatten',
157 silly cache add   name: 'flatten',
157 silly cache add   rawSpec: '^1.0.2',
157 silly cache add   spec: '>=1.0.2 <2.0.0',
157 silly cache add   type: 'range' }
158 silly addNamed flatten@>=1.0.2 <2.0.0
159 verbose addNamed ">=1.0.2 <2.0.0" is a valid semver range for flatten
160 silly addNameRange { name: 'flatten', range: '>=1.0.2 <2.0.0', hasData: false }
161 silly mapToRegistry name flatten
162 silly mapToRegistry using default registry
163 silly mapToRegistry registry https://registry.npmjs.org/
164 silly mapToRegistry data Result {
164 silly mapToRegistry   raw: 'flatten',
164 silly mapToRegistry   scope: null,
164 silly mapToRegistry   escapedName: 'flatten',
164 silly mapToRegistry   name: 'flatten',
164 silly mapToRegistry   rawSpec: '',
164 silly mapToRegistry   spec: 'latest',
164 silly mapToRegistry   type: 'tag' }
165 silly mapToRegistry uri https://registry.npmjs.org/flatten
166 verbose addNameRange registry:https://registry.npmjs.org/flatten not in flight; fetching
167 verbose get https://registry.npmjs.org/flatten not expired, no request
168 silly addNameRange number 2 { name: 'flatten', range: '>=1.0.2 <2.0.0', hasData: true }
169 silly addNameRange versions [ 'flatten', [ '0.0.0', '0.0.1', '1.0.0', '1.0.1', '1.0.2' ] ]
170 silly pickManifestFromRegistryMetadata spec >=1.0.2 <2.0.0 tag latest versions [ '0.0.0', '0.0.1', '1.0.0', '1.0.1', '1.0.2' ]
171 silly addNamed flatten@latest
172 verbose addNamed "latest" is being treated as a dist-tag for flatten
173 info addNameTag [ 'flatten', 'latest' ]
174 silly mapToRegistry name flatten
175 silly mapToRegistry using default registry
176 silly mapToRegistry registry https://registry.npmjs.org/
177 silly mapToRegistry data Result {
177 silly mapToRegistry   raw: 'flatten',
177 silly mapToRegistry   scope: null,
177 silly mapToRegistry   escapedName: 'flatten',
177 silly mapToRegistry   name: 'flatten',
177 silly mapToRegistry   rawSpec: '',
177 silly mapToRegistry   spec: 'latest',
177 silly mapToRegistry   type: 'tag' }
178 silly mapToRegistry uri https://registry.npmjs.org/flatten
179 verbose addNameTag registry:https://registry.npmjs.org/flatten already in flight; waiting
180 silly addNameTag next cb for flatten with tag latest
181 silly addNamed flatten@1.0.2
182 verbose addNamed "1.0.2" is a plain semver version for flatten
183 silly cache afterAdd flatten@1.0.2
184 verbose afterAdd /Users/tarran/.npm/flatten/1.0.2/package/package.json not in flight; writing
185 verbose correctMkdir /Users/tarran/.npm correctMkdir not in flight; initializing
186 verbose afterAdd /Users/tarran/.npm/flatten/1.0.2/package/package.json written
187 http 304 https://registry.npmjs.org/plain-obj-to-dot-notation
188 verbose headers { server: 'nginx/1.10.1',
188 verbose headers   'last-modified': 'Tue, 24 Jan 2017 17:50:03 GMT',
188 verbose headers   etag: '"588793cb-165c"',
188 verbose headers   'cache-control': 'max-age=300',
188 verbose headers   'accept-ranges': 'bytes',
188 verbose headers   date: 'Fri, 03 Feb 2017 15:28:13 GMT',
188 verbose headers   via: '1.1 varnish',
188 verbose headers   connection: 'keep-alive',
188 verbose headers   'x-served-by': 'cache-lcy1144-LCY',
188 verbose headers   'x-cache': 'MISS',
188 verbose headers   'x-cache-hits': '0',
188 verbose headers   'x-timer': 'S1486135693.468711,VS0,VE17',
188 verbose headers   vary: 'Accept-Encoding' }
189 silly get cb [ 304,
189 silly get   { server: 'nginx/1.10.1',
189 silly get     'last-modified': 'Tue, 24 Jan 2017 17:50:03 GMT',
189 silly get     etag: '"588793cb-165c"',
189 silly get     'cache-control': 'max-age=300',
189 silly get     'accept-ranges': 'bytes',
189 silly get     date: 'Fri, 03 Feb 2017 15:28:13 GMT',
189 silly get     via: '1.1 varnish',
189 silly get     connection: 'keep-alive',
189 silly get     'x-served-by': 'cache-lcy1144-LCY',
189 silly get     'x-cache': 'MISS',
189 silly get     'x-cache-hits': '0',
189 silly get     'x-timer': 'S1486135693.468711,VS0,VE17',
189 silly get     vary: 'Accept-Encoding' } ]
190 verbose etag https://registry.npmjs.org/plain-obj-to-dot-notation from cache
191 verbose get saving plain-obj-to-dot-notation to /Users/tarran/.npm/registry.npmjs.org/plain-obj-to-dot-notation/.cache.json
192 verbose correctMkdir /Users/tarran/.npm correctMkdir not in flight; initializing
193 http 304 https://registry.npmjs.org/is-obj
194 verbose headers { server: 'nginx/1.10.1',
194 verbose headers   'last-modified': 'Tue, 22 Mar 2016 10:14:12 GMT',
194 verbose headers   etag: '"56f11af4-e6b"',
194 verbose headers   'cache-control': 'max-age=300',
194 verbose headers   'accept-ranges': 'bytes',
194 verbose headers   date: 'Fri, 03 Feb 2017 15:28:13 GMT',
194 verbose headers   via: '1.1 varnish',
194 verbose headers   connection: 'keep-alive',
194 verbose headers   'x-served-by': 'cache-lcy1125-LCY',
194 verbose headers   'x-cache': 'MISS',
194 verbose headers   'x-cache-hits': '0',
194 verbose headers   'x-timer': 'S1486135693.469704,VS0,VE17',
194 verbose headers   vary: 'Accept-Encoding' }
195 silly get cb [ 304,
195 silly get   { server: 'nginx/1.10.1',
195 silly get     'last-modified': 'Tue, 22 Mar 2016 10:14:12 GMT',
195 silly get     etag: '"56f11af4-e6b"',
195 silly get     'cache-control': 'max-age=300',
195 silly get     'accept-ranges': 'bytes',
195 silly get     date: 'Fri, 03 Feb 2017 15:28:13 GMT',
195 silly get     via: '1.1 varnish',
195 silly get     connection: 'keep-alive',
195 silly get     'x-served-by': 'cache-lcy1125-LCY',
195 silly get     'x-cache': 'MISS',
195 silly get     'x-cache-hits': '0',
195 silly get     'x-timer': 'S1486135693.469704,VS0,VE17',
195 silly get     vary: 'Accept-Encoding' } ]
196 verbose etag https://registry.npmjs.org/is-obj from cache
197 verbose get saving is-obj to /Users/tarran/.npm/registry.npmjs.org/is-obj/.cache.json
198 verbose correctMkdir /Users/tarran/.npm correctMkdir not in flight; initializing
199 http 304 https://registry.npmjs.org/is-plain-obj
200 verbose headers { server: 'nginx/1.10.1',
200 verbose headers   'last-modified': 'Thu, 05 Nov 2015 09:31:58 GMT',
200 verbose headers   etag: '"563b220e-ec4"',
200 verbose headers   'cache-control': 'max-age=300',
200 verbose headers   'accept-ranges': 'bytes',
200 verbose headers   date: 'Fri, 03 Feb 2017 15:28:13 GMT',
200 verbose headers   via: '1.1 varnish',
200 verbose headers   connection: 'keep-alive',
200 verbose headers   'x-served-by': 'cache-lcy1135-LCY',
200 verbose headers   'x-cache': 'MISS',
200 verbose headers   'x-cache-hits': '0',
200 verbose headers   'x-timer': 'S1486135693.469488,VS0,VE17',
200 verbose headers   vary: 'Accept-Encoding' }
201 silly get cb [ 304,
201 silly get   { server: 'nginx/1.10.1',
201 silly get     'last-modified': 'Thu, 05 Nov 2015 09:31:58 GMT',
201 silly get     etag: '"563b220e-ec4"',
201 silly get     'cache-control': 'max-age=300',
201 silly get     'accept-ranges': 'bytes',
201 silly get     date: 'Fri, 03 Feb 2017 15:28:13 GMT',
201 silly get     via: '1.1 varnish',
201 silly get     connection: 'keep-alive',
201 silly get     'x-served-by': 'cache-lcy1135-LCY',
201 silly get     'x-cache': 'MISS',
201 silly get     'x-cache-hits': '0',
201 silly get     'x-timer': 'S1486135693.469488,VS0,VE17',
201 silly get     vary: 'Accept-Encoding' } ]
202 verbose etag https://registry.npmjs.org/is-plain-obj from cache
203 verbose get saving is-plain-obj to /Users/tarran/.npm/registry.npmjs.org/is-plain-obj/.cache.json
204 verbose correctMkdir /Users/tarran/.npm correctMkdir not in flight; initializing
205 http 304 https://registry.npmjs.org/is-array
206 verbose headers { server: 'nginx/1.10.1',
206 verbose headers   'last-modified': 'Wed, 26 Feb 2014 15:51:27 GMT',
206 verbose headers   etag: '"530e0d7f-726"',
206 verbose headers   'cache-control': 'max-age=300',
206 verbose headers   'accept-ranges': 'bytes',
206 verbose headers   date: 'Fri, 03 Feb 2017 15:28:13 GMT',
206 verbose headers   via: '1.1 varnish',
206 verbose headers   connection: 'keep-alive',
206 verbose headers   'x-served-by': 'cache-lcy1140-LCY',
206 verbose headers   'x-cache': 'MISS',
206 verbose headers   'x-cache-hits': '0',
206 verbose headers   'x-timer': 'S1486135693.470423,VS0,VE17',
206 verbose headers   vary: 'Accept-Encoding' }
207 silly get cb [ 304,
207 silly get   { server: 'nginx/1.10.1',
207 silly get     'last-modified': 'Wed, 26 Feb 2014 15:51:27 GMT',
207 silly get     etag: '"530e0d7f-726"',
207 silly get     'cache-control': 'max-age=300',
207 silly get     'accept-ranges': 'bytes',
207 silly get     date: 'Fri, 03 Feb 2017 15:28:13 GMT',
207 silly get     via: '1.1 varnish',
207 silly get     connection: 'keep-alive',
207 silly get     'x-served-by': 'cache-lcy1140-LCY',
207 silly get     'x-cache': 'MISS',
207 silly get     'x-cache-hits': '0',
207 silly get     'x-timer': 'S1486135693.470423,VS0,VE17',
207 silly get     vary: 'Accept-Encoding' } ]
208 verbose etag https://registry.npmjs.org/is-array from cache
209 verbose get saving is-array to /Users/tarran/.npm/registry.npmjs.org/is-array/.cache.json
210 verbose correctMkdir /Users/tarran/.npm correctMkdir not in flight; initializing
211 http 304 https://registry.npmjs.org/jsonfile
212 verbose headers { server: 'nginx/1.10.1',
212 verbose headers   'last-modified': 'Sat, 21 Jan 2017 16:39:28 GMT',
212 verbose headers   etag: '"58838ec0-6369"',
212 verbose headers   'cache-control': 'max-age=300',
212 verbose headers   'accept-ranges': 'bytes',
212 verbose headers   date: 'Fri, 03 Feb 2017 15:28:13 GMT',
212 verbose headers   via: '1.1 varnish',
212 verbose headers   connection: 'keep-alive',
212 verbose headers   'x-served-by': 'cache-lcy1148-LCY',
212 verbose headers   'x-cache': 'MISS',
212 verbose headers   'x-cache-hits': '0',
212 verbose headers   'x-timer': 'S1486135693.472811,VS0,VE17',
212 verbose headers   vary: 'Accept-Encoding' }
213 silly get cb [ 304,
213 silly get   { server: 'nginx/1.10.1',
213 silly get     'last-modified': 'Sat, 21 Jan 2017 16:39:28 GMT',
213 silly get     etag: '"58838ec0-6369"',
213 silly get     'cache-control': 'max-age=300',
213 silly get     'accept-ranges': 'bytes',
213 silly get     date: 'Fri, 03 Feb 2017 15:28:13 GMT',
213 silly get     via: '1.1 varnish',
213 silly get     connection: 'keep-alive',
213 silly get     'x-served-by': 'cache-lcy1148-LCY',
213 silly get     'x-cache': 'MISS',
213 silly get     'x-cache-hits': '0',
213 silly get     'x-timer': 'S1486135693.472811,VS0,VE17',
213 silly get     vary: 'Accept-Encoding' } ]
214 verbose etag https://registry.npmjs.org/jsonfile from cache
215 verbose get saving jsonfile to /Users/tarran/.npm/registry.npmjs.org/jsonfile/.cache.json
216 verbose correctMkdir /Users/tarran/.npm correctMkdir not in flight; initializing
217 silly pickManifestFromRegistryMetadata spec >=0.1.0 <0.2.0 tag latest versions [ '0.0.1', '0.1.0' ]
218 silly resolveWithNewModule plain-obj-to-dot-notation@0.1.0 checking installable status
219 silly cache add args [ 'plain-obj-to-dot-notation@^0.1.0', null ]
220 verbose cache add spec plain-obj-to-dot-notation@^0.1.0
221 silly cache add parsed spec Result {
221 silly cache add   raw: 'plain-obj-to-dot-notation@^0.1.0',
221 silly cache add   scope: null,
221 silly cache add   escapedName: 'plain-obj-to-dot-notation',
221 silly cache add   name: 'plain-obj-to-dot-notation',
221 silly cache add   rawSpec: '^0.1.0',
221 silly cache add   spec: '>=0.1.0 <0.2.0',
221 silly cache add   type: 'range' }
222 silly addNamed plain-obj-to-dot-notation@>=0.1.0 <0.2.0
223 verbose addNamed ">=0.1.0 <0.2.0" is a valid semver range for plain-obj-to-dot-notation
224 silly addNameRange { name: 'plain-obj-to-dot-notation',
224 silly addNameRange   range: '>=0.1.0 <0.2.0',
224 silly addNameRange   hasData: false }
225 silly mapToRegistry name plain-obj-to-dot-notation
226 silly mapToRegistry using default registry
227 silly mapToRegistry registry https://registry.npmjs.org/
228 silly mapToRegistry data Result {
228 silly mapToRegistry   raw: 'plain-obj-to-dot-notation',
228 silly mapToRegistry   scope: null,
228 silly mapToRegistry   escapedName: 'plain-obj-to-dot-notation',
228 silly mapToRegistry   name: 'plain-obj-to-dot-notation',
228 silly mapToRegistry   rawSpec: '',
228 silly mapToRegistry   spec: 'latest',
228 silly mapToRegistry   type: 'tag' }
229 silly mapToRegistry uri https://registry.npmjs.org/plain-obj-to-dot-notation
230 verbose addNameRange registry:https://registry.npmjs.org/plain-obj-to-dot-notation not in flight; fetching
231 silly pickManifestFromRegistryMetadata spec >=1.1.0 <2.0.0 tag latest versions [ '1.0.0', '1.1.0' ]
232 silly resolveWithNewModule is-plain-obj@1.1.0 checking installable status
233 silly cache add args [ 'is-plain-obj@^1.1.0', null ]
234 verbose cache add spec is-plain-obj@^1.1.0
235 silly cache add parsed spec Result {
235 silly cache add   raw: 'is-plain-obj@^1.1.0',
235 silly cache add   scope: null,
235 silly cache add   escapedName: 'is-plain-obj',
235 silly cache add   name: 'is-plain-obj',
235 silly cache add   rawSpec: '^1.1.0',
235 silly cache add   spec: '>=1.1.0 <2.0.0',
235 silly cache add   type: 'range' }
236 silly addNamed is-plain-obj@>=1.1.0 <2.0.0
237 verbose addNamed ">=1.1.0 <2.0.0" is a valid semver range for is-plain-obj
238 silly addNameRange { name: 'is-plain-obj', range: '>=1.1.0 <2.0.0', hasData: false }
239 silly mapToRegistry name is-plain-obj
240 silly mapToRegistry using default registry
241 silly mapToRegistry registry https://registry.npmjs.org/
242 silly mapToRegistry data Result {
242 silly mapToRegistry   raw: 'is-plain-obj',
242 silly mapToRegistry   scope: null,
242 silly mapToRegistry   escapedName: 'is-plain-obj',
242 silly mapToRegistry   name: 'is-plain-obj',
242 silly mapToRegistry   rawSpec: '',
242 silly mapToRegistry   spec: 'latest',
242 silly mapToRegistry   type: 'tag' }
243 silly mapToRegistry uri https://registry.npmjs.org/is-plain-obj
244 verbose addNameRange registry:https://registry.npmjs.org/is-plain-obj not in flight; fetching
245 silly pickManifestFromRegistryMetadata spec >=1.0.1 <2.0.0 tag latest versions [ '1.0.0', '1.0.1' ]
246 silly resolveWithNewModule is-obj@1.0.1 checking installable status
247 silly cache add args [ 'is-obj@^1.0.1', null ]
248 verbose cache add spec is-obj@^1.0.1
249 silly cache add parsed spec Result {
249 silly cache add   raw: 'is-obj@^1.0.1',
249 silly cache add   scope: null,
249 silly cache add   escapedName: 'is-obj',
249 silly cache add   name: 'is-obj',
249 silly cache add   rawSpec: '^1.0.1',
249 silly cache add   spec: '>=1.0.1 <2.0.0',
249 silly cache add   type: 'range' }
250 silly addNamed is-obj@>=1.0.1 <2.0.0
251 verbose addNamed ">=1.0.1 <2.0.0" is a valid semver range for is-obj
252 silly addNameRange { name: 'is-obj', range: '>=1.0.1 <2.0.0', hasData: false }
253 silly mapToRegistry name is-obj
254 silly mapToRegistry using default registry
255 silly mapToRegistry registry https://registry.npmjs.org/
256 silly mapToRegistry data Result {
256 silly mapToRegistry   raw: 'is-obj',
256 silly mapToRegistry   scope: null,
256 silly mapToRegistry   escapedName: 'is-obj',
256 silly mapToRegistry   name: 'is-obj',
256 silly mapToRegistry   rawSpec: '',
256 silly mapToRegistry   spec: 'latest',
256 silly mapToRegistry   type: 'tag' }
257 silly mapToRegistry uri https://registry.npmjs.org/is-obj
258 verbose addNameRange registry:https://registry.npmjs.org/is-obj not in flight; fetching
259 verbose get https://registry.npmjs.org/plain-obj-to-dot-notation not expired, no request
260 silly addNameRange number 2 { name: 'plain-obj-to-dot-notation',
260 silly addNameRange   range: '>=0.1.0 <0.2.0',
260 silly addNameRange   hasData: true }
261 silly addNameRange versions [ 'plain-obj-to-dot-notation', [ '0.0.1', '0.1.0' ] ]
262 silly pickManifestFromRegistryMetadata spec >=0.1.0 <0.2.0 tag latest versions [ '0.0.1', '0.1.0' ]
263 silly addNamed plain-obj-to-dot-notation@latest
264 verbose addNamed "latest" is being treated as a dist-tag for plain-obj-to-dot-notation
265 info addNameTag [ 'plain-obj-to-dot-notation', 'latest' ]
266 silly mapToRegistry name plain-obj-to-dot-notation
267 silly mapToRegistry using default registry
268 silly mapToRegistry registry https://registry.npmjs.org/
269 silly mapToRegistry data Result {
269 silly mapToRegistry   raw: 'plain-obj-to-dot-notation',
269 silly mapToRegistry   scope: null,
269 silly mapToRegistry   escapedName: 'plain-obj-to-dot-notation',
269 silly mapToRegistry   name: 'plain-obj-to-dot-notation',
269 silly mapToRegistry   rawSpec: '',
269 silly mapToRegistry   spec: 'latest',
269 silly mapToRegistry   type: 'tag' }
270 silly mapToRegistry uri https://registry.npmjs.org/plain-obj-to-dot-notation
271 verbose addNameTag registry:https://registry.npmjs.org/plain-obj-to-dot-notation already in flight; waiting
272 silly addNameTag next cb for plain-obj-to-dot-notation with tag latest
273 silly addNamed plain-obj-to-dot-notation@0.1.0
274 verbose addNamed "0.1.0" is a plain semver version for plain-obj-to-dot-notation
275 silly pickManifestFromRegistryMetadata spec >=1.0.1 <2.0.0 tag latest versions [ '1.0.1' ]
276 silly resolveWithNewModule is-array@1.0.1 checking installable status
277 silly cache add args [ 'is-array@^1.0.1', null ]
278 verbose cache add spec is-array@^1.0.1
279 silly cache add parsed spec Result {
279 silly cache add   raw: 'is-array@^1.0.1',
279 silly cache add   scope: null,
279 silly cache add   escapedName: 'is-array',
279 silly cache add   name: 'is-array',
279 silly cache add   rawSpec: '^1.0.1',
279 silly cache add   spec: '>=1.0.1 <2.0.0',
279 silly cache add   type: 'range' }
280 silly addNamed is-array@>=1.0.1 <2.0.0
281 verbose addNamed ">=1.0.1 <2.0.0" is a valid semver range for is-array
282 silly addNameRange { name: 'is-array', range: '>=1.0.1 <2.0.0', hasData: false }
283 silly mapToRegistry name is-array
284 silly mapToRegistry using default registry
285 silly mapToRegistry registry https://registry.npmjs.org/
286 silly mapToRegistry data Result {
286 silly mapToRegistry   raw: 'is-array',
286 silly mapToRegistry   scope: null,
286 silly mapToRegistry   escapedName: 'is-array',
286 silly mapToRegistry   name: 'is-array',
286 silly mapToRegistry   rawSpec: '',
286 silly mapToRegistry   spec: 'latest',
286 silly mapToRegistry   type: 'tag' }
287 silly mapToRegistry uri https://registry.npmjs.org/is-array
288 verbose addNameRange registry:https://registry.npmjs.org/is-array not in flight; fetching
289 verbose get https://registry.npmjs.org/is-plain-obj not expired, no request
290 silly addNameRange number 2 { name: 'is-plain-obj', range: '>=1.1.0 <2.0.0', hasData: true }
291 silly addNameRange versions [ 'is-plain-obj', [ '1.0.0', '1.1.0' ] ]
292 silly pickManifestFromRegistryMetadata spec >=1.1.0 <2.0.0 tag latest versions [ '1.0.0', '1.1.0' ]
293 silly addNamed is-plain-obj@latest
294 verbose addNamed "latest" is being treated as a dist-tag for is-plain-obj
295 info addNameTag [ 'is-plain-obj', 'latest' ]
296 silly mapToRegistry name is-plain-obj
297 silly mapToRegistry using default registry
298 silly mapToRegistry registry https://registry.npmjs.org/
299 silly mapToRegistry data Result {
299 silly mapToRegistry   raw: 'is-plain-obj',
299 silly mapToRegistry   scope: null,
299 silly mapToRegistry   escapedName: 'is-plain-obj',
299 silly mapToRegistry   name: 'is-plain-obj',
299 silly mapToRegistry   rawSpec: '',
299 silly mapToRegistry   spec: 'latest',
299 silly mapToRegistry   type: 'tag' }
300 silly mapToRegistry uri https://registry.npmjs.org/is-plain-obj
301 verbose addNameTag registry:https://registry.npmjs.org/is-plain-obj already in flight; waiting
302 silly addNameTag next cb for is-plain-obj with tag latest
303 silly addNamed is-plain-obj@1.1.0
304 verbose addNamed "1.1.0" is a plain semver version for is-plain-obj
305 verbose get https://registry.npmjs.org/is-obj not expired, no request
306 silly addNameRange number 2 { name: 'is-obj', range: '>=1.0.1 <2.0.0', hasData: true }
307 silly addNameRange versions [ 'is-obj', [ '1.0.0', '1.0.1' ] ]
308 silly pickManifestFromRegistryMetadata spec >=1.0.1 <2.0.0 tag latest versions [ '1.0.0', '1.0.1' ]
309 silly addNamed is-obj@latest
310 verbose addNamed "latest" is being treated as a dist-tag for is-obj
311 info addNameTag [ 'is-obj', 'latest' ]
312 silly mapToRegistry name is-obj
313 silly mapToRegistry using default registry
314 silly mapToRegistry registry https://registry.npmjs.org/
315 silly mapToRegistry data Result {
315 silly mapToRegistry   raw: 'is-obj',
315 silly mapToRegistry   scope: null,
315 silly mapToRegistry   escapedName: 'is-obj',
315 silly mapToRegistry   name: 'is-obj',
315 silly mapToRegistry   rawSpec: '',
315 silly mapToRegistry   spec: 'latest',
315 silly mapToRegistry   type: 'tag' }
316 silly mapToRegistry uri https://registry.npmjs.org/is-obj
317 verbose addNameTag registry:https://registry.npmjs.org/is-obj already in flight; waiting
318 silly addNameTag next cb for is-obj with tag latest
319 silly addNamed is-obj@1.0.1
320 verbose addNamed "1.0.1" is a plain semver version for is-obj
321 silly pickManifestFromRegistryMetadata spec >=2.4.0 <3.0.0 tag latest versions [ '0.0.1',
321 silly pickManifestFromRegistryMetadata   '1.0.0',
321 silly pickManifestFromRegistryMetadata   '1.0.1',
321 silly pickManifestFromRegistryMetadata   '1.1.0',
321 silly pickManifestFromRegistryMetadata   '1.1.1',
321 silly pickManifestFromRegistryMetadata   '1.2.0',
321 silly pickManifestFromRegistryMetadata   '2.0.0',
321 silly pickManifestFromRegistryMetadata   '2.0.1',
321 silly pickManifestFromRegistryMetadata   '2.1.0',
321 silly pickManifestFromRegistryMetadata   '2.1.1',
321 silly pickManifestFromRegistryMetadata   '2.1.2',
321 silly pickManifestFromRegistryMetadata   '2.2.0',
321 silly pickManifestFromRegistryMetadata   '2.2.1',
321 silly pickManifestFromRegistryMetadata   '2.2.2',
321 silly pickManifestFromRegistryMetadata   '2.2.3',
321 silly pickManifestFromRegistryMetadata   '2.3.0',
321 silly pickManifestFromRegistryMetadata   '2.3.1',
321 silly pickManifestFromRegistryMetadata   '2.4.0' ]
322 silly resolveWithNewModule jsonfile@2.4.0 checking installable status
323 silly cache add args [ 'jsonfile@^2.4.0', null ]
324 verbose cache add spec jsonfile@^2.4.0
325 silly cache add parsed spec Result {
325 silly cache add   raw: 'jsonfile@^2.4.0',
325 silly cache add   scope: null,
325 silly cache add   escapedName: 'jsonfile',
325 silly cache add   name: 'jsonfile',
325 silly cache add   rawSpec: '^2.4.0',
325 silly cache add   spec: '>=2.4.0 <3.0.0',
325 silly cache add   type: 'range' }
326 silly addNamed jsonfile@>=2.4.0 <3.0.0
327 verbose addNamed ">=2.4.0 <3.0.0" is a valid semver range for jsonfile
328 silly addNameRange { name: 'jsonfile', range: '>=2.4.0 <3.0.0', hasData: false }
329 silly mapToRegistry name jsonfile
330 silly mapToRegistry using default registry
331 silly mapToRegistry registry https://registry.npmjs.org/
332 silly mapToRegistry data Result {
332 silly mapToRegistry   raw: 'jsonfile',
332 silly mapToRegistry   scope: null,
332 silly mapToRegistry   escapedName: 'jsonfile',
332 silly mapToRegistry   name: 'jsonfile',
332 silly mapToRegistry   rawSpec: '',
332 silly mapToRegistry   spec: 'latest',
332 silly mapToRegistry   type: 'tag' }
333 silly mapToRegistry uri https://registry.npmjs.org/jsonfile
334 verbose addNameRange registry:https://registry.npmjs.org/jsonfile not in flight; fetching
335 verbose get https://registry.npmjs.org/is-array not expired, no request
336 silly addNameRange number 2 { name: 'is-array', range: '>=1.0.1 <2.0.0', hasData: true }
337 silly addNameRange versions [ 'is-array', [ '1.0.1' ] ]
338 silly pickManifestFromRegistryMetadata spec >=1.0.1 <2.0.0 tag latest versions [ '1.0.1' ]
339 silly addNamed is-array@latest
340 verbose addNamed "latest" is being treated as a dist-tag for is-array
341 info addNameTag [ 'is-array', 'latest' ]
342 silly mapToRegistry name is-array
343 silly mapToRegistry using default registry
344 silly mapToRegistry registry https://registry.npmjs.org/
345 silly mapToRegistry data Result {
345 silly mapToRegistry   raw: 'is-array',
345 silly mapToRegistry   scope: null,
345 silly mapToRegistry   escapedName: 'is-array',
345 silly mapToRegistry   name: 'is-array',
345 silly mapToRegistry   rawSpec: '',
345 silly mapToRegistry   spec: 'latest',
345 silly mapToRegistry   type: 'tag' }
346 silly mapToRegistry uri https://registry.npmjs.org/is-array
347 verbose addNameTag registry:https://registry.npmjs.org/is-array already in flight; waiting
348 silly addNameTag next cb for is-array with tag latest
349 silly addNamed is-array@1.0.1
350 verbose addNamed "1.0.1" is a plain semver version for is-array
351 silly cache afterAdd plain-obj-to-dot-notation@0.1.0
352 verbose afterAdd /Users/tarran/.npm/plain-obj-to-dot-notation/0.1.0/package/package.json not in flight; writing
353 verbose correctMkdir /Users/tarran/.npm correctMkdir not in flight; initializing
354 verbose get https://registry.npmjs.org/jsonfile not expired, no request
355 silly addNameRange number 2 { name: 'jsonfile', range: '>=2.4.0 <3.0.0', hasData: true }
356 silly addNameRange versions [ 'jsonfile',
356 silly addNameRange   [ '0.0.1',
356 silly addNameRange     '1.0.0',
356 silly addNameRange     '1.0.1',
356 silly addNameRange     '1.1.0',
356 silly addNameRange     '1.1.1',
356 silly addNameRange     '1.2.0',
356 silly addNameRange     '2.0.0',
356 silly addNameRange     '2.0.1',
356 silly addNameRange     '2.1.0',
356 silly addNameRange     '2.1.1',
356 silly addNameRange     '2.1.2',
356 silly addNameRange     '2.2.0',
356 silly addNameRange     '2.2.1',
356 silly addNameRange     '2.2.2',
356 silly addNameRange     '2.2.3',
356 silly addNameRange     '2.3.0',
356 silly addNameRange     '2.3.1',
356 silly addNameRange     '2.4.0' ] ]
357 silly pickManifestFromRegistryMetadata spec >=2.4.0 <3.0.0 tag latest versions [ '0.0.1',
357 silly pickManifestFromRegistryMetadata   '1.0.0',
357 silly pickManifestFromRegistryMetadata   '1.0.1',
357 silly pickManifestFromRegistryMetadata   '1.1.0',
357 silly pickManifestFromRegistryMetadata   '1.1.1',
357 silly pickManifestFromRegistryMetadata   '1.2.0',
357 silly pickManifestFromRegistryMetadata   '2.0.0',
357 silly pickManifestFromRegistryMetadata   '2.0.1',
357 silly pickManifestFromRegistryMetadata   '2.1.0',
357 silly pickManifestFromRegistryMetadata   '2.1.1',
357 silly pickManifestFromRegistryMetadata   '2.1.2',
357 silly pickManifestFromRegistryMetadata   '2.2.0',
357 silly pickManifestFromRegistryMetadata   '2.2.1',
357 silly pickManifestFromRegistryMetadata   '2.2.2',
357 silly pickManifestFromRegistryMetadata   '2.2.3',
357 silly pickManifestFromRegistryMetadata   '2.3.0',
357 silly pickManifestFromRegistryMetadata   '2.3.1',
357 silly pickManifestFromRegistryMetadata   '2.4.0' ]
358 silly addNamed jsonfile@latest
359 verbose addNamed "latest" is being treated as a dist-tag for jsonfile
360 info addNameTag [ 'jsonfile', 'latest' ]
361 silly mapToRegistry name jsonfile
362 silly mapToRegistry using default registry
363 silly mapToRegistry registry https://registry.npmjs.org/
364 silly mapToRegistry data Result {
364 silly mapToRegistry   raw: 'jsonfile',
364 silly mapToRegistry   scope: null,
364 silly mapToRegistry   escapedName: 'jsonfile',
364 silly mapToRegistry   name: 'jsonfile',
364 silly mapToRegistry   rawSpec: '',
364 silly mapToRegistry   spec: 'latest',
364 silly mapToRegistry   type: 'tag' }
365 silly mapToRegistry uri https://registry.npmjs.org/jsonfile
366 verbose addNameTag registry:https://registry.npmjs.org/jsonfile already in flight; waiting
367 silly addNameTag next cb for jsonfile with tag latest
368 silly addNamed jsonfile@2.4.0
369 verbose addNamed "2.4.0" is a plain semver version for jsonfile
370 silly cache afterAdd is-plain-obj@1.1.0
371 verbose afterAdd /Users/tarran/.npm/is-plain-obj/1.1.0/package/package.json not in flight; writing
372 verbose correctMkdir /Users/tarran/.npm correctMkdir not in flight; initializing
373 silly cache afterAdd is-obj@1.0.1
374 verbose afterAdd /Users/tarran/.npm/is-obj/1.0.1/package/package.json not in flight; writing
375 verbose correctMkdir /Users/tarran/.npm correctMkdir not in flight; initializing
376 silly cache afterAdd is-array@1.0.1
377 verbose afterAdd /Users/tarran/.npm/is-array/1.0.1/package/package.json not in flight; writing
378 verbose correctMkdir /Users/tarran/.npm correctMkdir not in flight; initializing
379 silly cache afterAdd jsonfile@2.4.0
380 verbose afterAdd /Users/tarran/.npm/jsonfile/2.4.0/package/package.json not in flight; writing
381 verbose correctMkdir /Users/tarran/.npm correctMkdir not in flight; initializing
382 verbose afterAdd /Users/tarran/.npm/plain-obj-to-dot-notation/0.1.0/package/package.json written
383 verbose afterAdd /Users/tarran/.npm/is-array/1.0.1/package/package.json written
384 verbose afterAdd /Users/tarran/.npm/is-obj/1.0.1/package/package.json written
385 verbose afterAdd /Users/tarran/.npm/is-plain-obj/1.1.0/package/package.json written
386 verbose afterAdd /Users/tarran/.npm/jsonfile/2.4.0/package/package.json written
387 silly rollbackFailedOptional Starting
388 silly rollbackFailedOptional Finishing
389 silly runTopLevelLifecycles Finishing
390 silly install printInstalled
391 verbose stack Error: ENOENT: no such file or directory, open '/Users/tarran/github.com/tarranjones/macOS-defaults'
391 verbose stack     at Error (native)
392 verbose cwd /Users/tarran/code/macos-defaults-setup-cli
393 error Darwin 16.4.0
394 error argv "/usr/local/bin/node" "/usr/local/bin/npm" "install"
395 error node v6.3.1
396 error npm  v4.1.2
397 error path /Users/tarran/github.com/tarranjones/macOS-defaults
398 error code ENOENT
399 error errno -2
400 error syscall open
401 error enoent ENOENT: no such file or directory, open '/Users/tarran/github.com/tarranjones/macOS-defaults'
402 error enoent ENOENT: no such file or directory, open '/Users/tarran/github.com/tarranjones/macOS-defaults'
402 error enoent This is most likely not a problem with npm itself
402 error enoent and is related to npm not being able to find a file.
403 verbose exit [ -2, true ]
